{
  "RSpec": {
    "coverage": {
      "/Users/p/Makers/Projects/week4/oop/oystercard/spec/oystercard_spec.rb": {
        "lines": [
          1,
          null,
          1,
          null,
          1,
          1,
          1,
          null,
          null,
          1,
          4,
          null,
          null,
          1,
          4,
          null,
          null,
          null,
          1,
          1,
          5,
          null,
          null,
          1,
          1,
          2,
          null,
          null,
          1,
          1,
          null,
          null,
          1,
          1,
          1,
          null,
          null,
          1,
          4,
          null,
          null,
          1,
          1,
          1,
          1,
          null,
          null,
          null,
          1,
          1,
          1,
          null,
          1,
          2,
          null,
          null,
          null,
          null
        ]
      },
      "/Users/p/Makers/Projects/week4/oop/oystercard/lib/oystercard.rb": {
        "lines": [
          1,
          null,
          1,
          1,
          1,
          null,
          1,
          null,
          1,
          9,
          9,
          null,
          null,
          1,
          7,
          6,
          null,
          null,
          1,
          3,
          2,
          null,
          null,
          1,
          3,
          3,
          null,
          null,
          1,
          3,
          null,
          null,
          1,
          null,
          1,
          3,
          null,
          null
        ]
      }
    },
    "timestamp": 1632841276
  }
}
